  [1m[36m (96.1ms)[0m  [1mCREATE TABLE "schema_migrations" ("version" varchar NOT NULL) [0m
  [1m[35m (0.1ms)[0m  select sqlite_version(*)
  [1m[36m (99.1ms)[0m  [1mCREATE UNIQUE INDEX "unique_schema_migrations" ON "schema_migrations" ("version")[0m
  [1m[35mActiveRecord::SchemaMigration Load (0.1ms)[0m  SELECT "schema_migrations".* FROM "schema_migrations"
Migrating to DeviseCreateUsers (20171013224115)
  [1m[36m (0.1ms)[0m  [1mbegin transaction[0m
  [1m[35m (0.5ms)[0m  CREATE TABLE "users" ("id" INTEGER PRIMARY KEY AUTOINCREMENT NOT NULL, "email" varchar DEFAULT '' NOT NULL, "encrypted_password" varchar DEFAULT '' NOT NULL, "reset_password_token" varchar, "reset_password_sent_at" datetime, "remember_created_at" datetime, "sign_in_count" integer DEFAULT 0 NOT NULL, "current_sign_in_at" datetime, "last_sign_in_at" datetime, "current_sign_in_ip" varchar, "last_sign_in_ip" varchar, "created_at" datetime NOT NULL, "updated_at" datetime NOT NULL) 
  [1m[36m (0.2ms)[0m  [1mCREATE UNIQUE INDEX "index_users_on_email" ON "users" ("email")[0m
  [1m[35m (0.2ms)[0m              SELECT sql
            FROM sqlite_master
            WHERE name='index_users_on_email' AND type='index'
            UNION ALL
            SELECT sql
            FROM sqlite_temp_master
            WHERE name='index_users_on_email' AND type='index'

  [1m[36m (0.1ms)[0m  [1mCREATE UNIQUE INDEX "index_users_on_reset_password_token" ON "users" ("reset_password_token")[0m
  [1m[35mSQL (0.1ms)[0m  INSERT INTO "schema_migrations" ("version") VALUES (?)  [["version", "20171013224115"]]
  [1m[36m (103.6ms)[0m  [1mcommit transaction[0m
  [1m[35mActiveRecord::SchemaMigration Load (0.1ms)[0m  SELECT "schema_migrations".* FROM "schema_migrations"
  [1m[36m (0.1ms)[0m  [1m            SELECT sql
            FROM sqlite_master
            WHERE name='index_users_on_reset_password_token' AND type='index'
            UNION ALL
            SELECT sql
            FROM sqlite_temp_master
            WHERE name='index_users_on_reset_password_token' AND type='index'
[0m
  [1m[35m (0.1ms)[0m              SELECT sql
            FROM sqlite_master
            WHERE name='index_users_on_email' AND type='index'
            UNION ALL
            SELECT sql
            FROM sqlite_temp_master
            WHERE name='index_users_on_email' AND type='index'

  [1m[36mActiveRecord::SchemaMigration Load (0.1ms)[0m  [1mSELECT "schema_migrations".* FROM "schema_migrations"[0m
Migrating to AddColumnToUsers (20171013224555)
  [1m[35m (0.1ms)[0m  begin transaction
  [1m[36m (0.3ms)[0m  [1mALTER TABLE "users" ADD "First_Name" varchar[0m
  [1m[35m (0.1ms)[0m  ALTER TABLE "users" ADD "Last_Name" varchar
  [1m[36m (0.2ms)[0m  [1mALTER TABLE "users" ADD "phone_number" varchar[0m
  [1m[35mSQL (0.1ms)[0m  INSERT INTO "schema_migrations" ("version") VALUES (?)  [["version", "20171013224555"]]
  [1m[36m (89.4ms)[0m  [1mcommit transaction[0m
  [1m[35mActiveRecord::SchemaMigration Load (0.1ms)[0m  SELECT "schema_migrations".* FROM "schema_migrations"
  [1m[36m (0.2ms)[0m  [1m            SELECT sql
            FROM sqlite_master
            WHERE name='index_users_on_reset_password_token' AND type='index'
            UNION ALL
            SELECT sql
            FROM sqlite_temp_master
            WHERE name='index_users_on_reset_password_token' AND type='index'
[0m
  [1m[35m (0.4ms)[0m              SELECT sql
            FROM sqlite_master
            WHERE name='index_users_on_email' AND type='index'
            UNION ALL
            SELECT sql
            FROM sqlite_temp_master
            WHERE name='index_users_on_email' AND type='index'

  [1m[36mActiveRecord::SchemaMigration Load (0.1ms)[0m  [1mSELECT "schema_migrations".* FROM "schema_migrations"[0m
Migrating to ChangeColumnToUsers (20171013224846)
  [1m[35m (0.1ms)[0m  begin transaction
  [1m[36m (0.3ms)[0m  [1mCREATE TEMPORARY TABLE "ausers" ("id" INTEGER PRIMARY KEY AUTOINCREMENT NOT NULL, "email" varchar DEFAULT '' NOT NULL, "encrypted_password" varchar DEFAULT '' NOT NULL, "reset_password_token" varchar, "reset_password_sent_at" datetime, "remember_created_at" datetime, "sign_in_count" integer DEFAULT 0 NOT NULL, "current_sign_in_at" datetime, "last_sign_in_at" datetime, "current_sign_in_ip" varchar, "last_sign_in_ip" varchar, "created_at" datetime NOT NULL, "updated_at" datetime NOT NULL, "First_Name" varchar, "Last_Name" varchar, "phone_number" varchar) [0m
  [1m[35m (0.1ms)[0m              SELECT sql
            FROM sqlite_master
            WHERE name='index_users_on_reset_password_token' AND type='index'
            UNION ALL
            SELECT sql
            FROM sqlite_temp_master
            WHERE name='index_users_on_reset_password_token' AND type='index'

  [1m[36m (0.1ms)[0m  [1m            SELECT sql
            FROM sqlite_master
            WHERE name='index_users_on_email' AND type='index'
            UNION ALL
            SELECT sql
            FROM sqlite_temp_master
            WHERE name='index_users_on_email' AND type='index'
[0m
  [1m[35m (0.0ms)[0m  select sqlite_version(*)
  [1m[36m (0.2ms)[0m  [1mCREATE UNIQUE INDEX "tindex_ausers_on_reset_password_token" ON "ausers" ("reset_password_token")[0m
  [1m[35m (0.1ms)[0m  CREATE UNIQUE INDEX "tindex_ausers_on_email" ON "ausers" ("email")
  [1m[36m (0.1ms)[0m  [1mSELECT * FROM "users"[0m
  [1m[35m (0.2ms)[0m  DROP TABLE "users"
  [1m[36m (0.1ms)[0m  [1mCREATE TABLE "users" ("id" INTEGER PRIMARY KEY AUTOINCREMENT NOT NULL, "email" varchar DEFAULT '' NOT NULL, "encrypted_password" varchar DEFAULT '' NOT NULL, "reset_password_token" varchar, "reset_password_sent_at" datetime, "remember_created_at" datetime, "sign_in_count" integer DEFAULT 0 NOT NULL, "current_sign_in_at" datetime, "last_sign_in_at" datetime, "current_sign_in_ip" varchar, "last_sign_in_ip" varchar, "created_at" datetime NOT NULL, "updated_at" datetime NOT NULL, "First_Name" varchar, "Last_Name" varchar, "phone_number" varchar NOT NULL) [0m
  [1m[35m (0.1ms)[0m              SELECT sql
            FROM sqlite_master
            WHERE name='tindex_ausers_on_email' AND type='index'
            UNION ALL
            SELECT sql
            FROM sqlite_temp_master
            WHERE name='tindex_ausers_on_email' AND type='index'

  [1m[36m (0.1ms)[0m  [1m            SELECT sql
            FROM sqlite_master
            WHERE name='tindex_ausers_on_reset_password_token' AND type='index'
            UNION ALL
            SELECT sql
            FROM sqlite_temp_master
            WHERE name='tindex_ausers_on_reset_password_token' AND type='index'
[0m
  [1m[35m (0.2ms)[0m  CREATE UNIQUE INDEX "index_users_on_email" ON "users" ("email")
  [1m[36m (0.1ms)[0m  [1m            SELECT sql
            FROM sqlite_master
            WHERE name='index_users_on_email' AND type='index'
            UNION ALL
            SELECT sql
            FROM sqlite_temp_master
            WHERE name='index_users_on_email' AND type='index'
[0m
  [1m[35m (0.1ms)[0m  CREATE UNIQUE INDEX "index_users_on_reset_password_token" ON "users" ("reset_password_token")
  [1m[36m (0.1ms)[0m  [1mSELECT * FROM "ausers"[0m
  [1m[35m (0.1ms)[0m  DROP TABLE "ausers"
  [1m[36mSQL (0.1ms)[0m  [1mINSERT INTO "schema_migrations" ("version") VALUES (?)[0m  [["version", "20171013224846"]]
  [1m[35m (120.5ms)[0m  commit transaction
  [1m[36mActiveRecord::SchemaMigration Load (0.1ms)[0m  [1mSELECT "schema_migrations".* FROM "schema_migrations"[0m
  [1m[35m (0.1ms)[0m              SELECT sql
            FROM sqlite_master
            WHERE name='index_users_on_reset_password_token' AND type='index'
            UNION ALL
            SELECT sql
            FROM sqlite_temp_master
            WHERE name='index_users_on_reset_password_token' AND type='index'

  [1m[36m (0.1ms)[0m  [1m            SELECT sql
            FROM sqlite_master
            WHERE name='index_users_on_email' AND type='index'
            UNION ALL
            SELECT sql
            FROM sqlite_temp_master
            WHERE name='index_users_on_email' AND type='index'
[0m


Started GET "/" for 127.0.0.1 at 2017-10-14 04:19:48 +0530
  [1m[36mActiveRecord::SchemaMigration Load (0.1ms)[0m  [1mSELECT "schema_migrations".* FROM "schema_migrations"[0m
Processing by Rails::WelcomeController#index as HTML
  Rendered /home/nikhil/.rbenv/versions/2.3.3/lib/ruby/gems/2.3.0/gems/railties-4.2.6/lib/rails/templates/rails/welcome/index.html.erb (1.8ms)
Completed 200 OK in 114ms (Views: 80.1ms | ActiveRecord: 0.0ms)


Started GET "/users/sign_in" for 127.0.0.1 at 2017-10-14 04:20:11 +0530
Processing by Devise::SessionsController#new as HTML
  Rendered /home/nikhil/.rbenv/versions/2.3.3/lib/ruby/gems/2.3.0/gems/devise-4.3.0/app/views/devise/shared/_links.html.erb (1.1ms)
  Rendered /home/nikhil/.rbenv/versions/2.3.3/lib/ruby/gems/2.3.0/gems/devise-4.3.0/app/views/devise/sessions/new.html.erb within layouts/application (210.8ms)
Completed 200 OK in 647ms (Views: 630.1ms | ActiveRecord: 1.1ms)


Started GET "/assets/jquery.self-bd7ddd393353a8d2480a622e80342adf488fb6006d667e8b42e4c0073393abee.js?body=1" for 127.0.0.1 at 2017-10-14 04:20:12 +0530


Started GET "/assets/application.self-e80e8f2318043e8af94dddc2adad5a4f09739a8ebb323b3ab31cd71d45fd9113.css?body=1" for 127.0.0.1 at 2017-10-14 04:20:12 +0530


Started GET "/assets/turbolinks.self-1d1fddf91adc38ac2045c51f0a3e05ca97d07d24d15a4dcbf705009106489e69.js?body=1" for 127.0.0.1 at 2017-10-14 04:20:12 +0530


Started GET "/assets/application.self-3b8dabdc891efe46b9a144b400ad69e37d7e5876bdc39dee783419a69d7ca819.js?body=1" for 127.0.0.1 at 2017-10-14 04:20:12 +0530


Started GET "/assets/jquery_ujs.self-784a997f6726036b1993eb2217c9cb558e1cbb801c6da88105588c56f13b466a.js?body=1" for 127.0.0.1 at 2017-10-14 04:20:12 +0530


Started GET "/users/sign_up" for 127.0.0.1 at 2017-10-14 04:20:19 +0530
Processing by Devise::RegistrationsController#new as HTML
  Rendered /home/nikhil/.rbenv/versions/2.3.3/lib/ruby/gems/2.3.0/gems/devise-4.3.0/app/views/devise/shared/_links.html.erb (0.3ms)
  Rendered /home/nikhil/.rbenv/versions/2.3.3/lib/ruby/gems/2.3.0/gems/devise-4.3.0/app/views/devise/registrations/new.html.erb within layouts/application (3.3ms)
Completed 200 OK in 33ms (Views: 29.6ms | ActiveRecord: 0.0ms)


Started GET "/users/sign_up" for 127.0.0.1 at 2017-10-14 04:23:16 +0530
Processing by Devise::RegistrationsController#new as HTML
  Rendered /home/nikhil/.rbenv/versions/2.3.3/lib/ruby/gems/2.3.0/gems/devise-4.3.0/app/views/devise/shared/_links.html.erb (0.3ms)
  Rendered /home/nikhil/.rbenv/versions/2.3.3/lib/ruby/gems/2.3.0/gems/devise-4.3.0/app/views/devise/registrations/new.html.erb within layouts/application (5.0ms)
Completed 200 OK in 41ms (Views: 22.2ms | ActiveRecord: 1.2ms)


Started GET "/users/sign_in" for 127.0.0.1 at 2017-10-14 04:23:19 +0530
Processing by Devise::SessionsController#new as HTML
  Rendered /home/nikhil/.rbenv/versions/2.3.3/lib/ruby/gems/2.3.0/gems/devise-4.3.0/app/views/devise/shared/_links.html.erb (0.4ms)
  Rendered /home/nikhil/.rbenv/versions/2.3.3/lib/ruby/gems/2.3.0/gems/devise-4.3.0/app/views/devise/sessions/new.html.erb within layouts/application (2.6ms)
Completed 200 OK in 22ms (Views: 19.9ms | ActiveRecord: 0.0ms)


Started GET "/users/sign_up" for 127.0.0.1 at 2017-10-14 04:23:20 +0530
Processing by Devise::RegistrationsController#new as HTML
  Rendered /home/nikhil/.rbenv/versions/2.3.3/lib/ruby/gems/2.3.0/gems/devise-4.3.0/app/views/devise/shared/_links.html.erb (0.4ms)
  Rendered /home/nikhil/.rbenv/versions/2.3.3/lib/ruby/gems/2.3.0/gems/devise-4.3.0/app/views/devise/registrations/new.html.erb within layouts/application (4.8ms)
Completed 200 OK in 22ms (Views: 21.4ms | ActiveRecord: 0.0ms)


Started GET "/users/sign_up" for 127.0.0.1 at 2017-10-14 04:23:55 +0530
  [1m[36mActiveRecord::SchemaMigration Load (0.1ms)[0m  [1mSELECT "schema_migrations".* FROM "schema_migrations"[0m
Processing by Devise::RegistrationsController#new as HTML
  Rendered /home/nikhil/.rbenv/versions/2.3.3/lib/ruby/gems/2.3.0/gems/devise-4.3.0/app/views/devise/shared/_links.html.erb (1.0ms)
  Rendered /home/nikhil/.rbenv/versions/2.3.3/lib/ruby/gems/2.3.0/gems/devise-4.3.0/app/views/devise/registrations/new.html.erb within layouts/application (25.6ms)
Completed 200 OK in 265ms (Views: 244.4ms | ActiveRecord: 0.4ms)


Started GET "/users/sign_in" for 127.0.0.1 at 2017-10-14 04:23:58 +0530
Processing by Devise::SessionsController#new as HTML
  Rendered /home/nikhil/.rbenv/versions/2.3.3/lib/ruby/gems/2.3.0/gems/devise-4.3.0/app/views/devise/shared/_links.html.erb (1.6ms)
  Rendered /home/nikhil/.rbenv/versions/2.3.3/lib/ruby/gems/2.3.0/gems/devise-4.3.0/app/views/devise/sessions/new.html.erb within layouts/application (6.0ms)
Completed 200 OK in 25ms (Views: 23.3ms | ActiveRecord: 0.0ms)


Started GET "/users/sign_up" for 127.0.0.1 at 2017-10-14 04:24:00 +0530
Processing by Devise::RegistrationsController#new as HTML
  Rendered /home/nikhil/.rbenv/versions/2.3.3/lib/ruby/gems/2.3.0/gems/devise-4.3.0/app/views/devise/shared/_links.html.erb (0.4ms)
  Rendered /home/nikhil/.rbenv/versions/2.3.3/lib/ruby/gems/2.3.0/gems/devise-4.3.0/app/views/devise/registrations/new.html.erb within layouts/application (5.5ms)
Completed 200 OK in 22ms (Views: 21.0ms | ActiveRecord: 0.0ms)


Started GET "/users/sign_up" for 127.0.0.1 at 2017-10-14 04:26:10 +0530
  [1m[36mActiveRecord::SchemaMigration Load (0.2ms)[0m  [1mSELECT "schema_migrations".* FROM "schema_migrations"[0m
Processing by Devise::RegistrationsController#new as HTML
  Rendered devise/shared/_links.html.erb (0.9ms)
  Rendered devise/registrations/new.html.erb within layouts/application (29.8ms)
Completed 200 OK in 269ms (Views: 244.3ms | ActiveRecord: 0.4ms)
  [1m[36mActiveRecord::SchemaMigration Load (0.1ms)[0m  [1mSELECT "schema_migrations".* FROM "schema_migrations"[0m
  [1m[35mActiveRecord::SchemaMigration Load (0.1ms)[0m  SELECT "schema_migrations".* FROM "schema_migrations"
  [1m[36m (0.1ms)[0m  [1m            SELECT sql
            FROM sqlite_master
            WHERE name='index_users_on_reset_password_token' AND type='index'
            UNION ALL
            SELECT sql
            FROM sqlite_temp_master
            WHERE name='index_users_on_reset_password_token' AND type='index'
[0m
  [1m[35m (0.1ms)[0m              SELECT sql
            FROM sqlite_master
            WHERE name='index_users_on_email' AND type='index'
            UNION ALL
            SELECT sql
            FROM sqlite_temp_master
            WHERE name='index_users_on_email' AND type='index'

  [1m[36mActiveRecord::SchemaMigration Load (0.1ms)[0m  [1mSELECT "schema_migrations".* FROM "schema_migrations"[0m
Migrating to ChangeAnotherColumnToUsers (20171013225846)
  [1m[35m (0.1ms)[0m  begin transaction
  [1m[36m (0.4ms)[0m  [1mCREATE TEMPORARY TABLE "ausers" ("id" INTEGER PRIMARY KEY AUTOINCREMENT NOT NULL, "email" varchar DEFAULT '' NOT NULL, "encrypted_password" varchar DEFAULT '' NOT NULL, "reset_password_token" varchar, "reset_password_sent_at" datetime, "remember_created_at" datetime, "sign_in_count" integer DEFAULT 0 NOT NULL, "current_sign_in_at" datetime, "last_sign_in_at" datetime, "current_sign_in_ip" varchar, "last_sign_in_ip" varchar, "created_at" datetime NOT NULL, "updated_at" datetime NOT NULL, "First_Name" varchar, "Last_Name" varchar, "phone_number" varchar NOT NULL) [0m
  [1m[35m (0.1ms)[0m              SELECT sql
            FROM sqlite_master
            WHERE name='index_users_on_reset_password_token' AND type='index'
            UNION ALL
            SELECT sql
            FROM sqlite_temp_master
            WHERE name='index_users_on_reset_password_token' AND type='index'

  [1m[36m (0.1ms)[0m  [1m            SELECT sql
            FROM sqlite_master
            WHERE name='index_users_on_email' AND type='index'
            UNION ALL
            SELECT sql
            FROM sqlite_temp_master
            WHERE name='index_users_on_email' AND type='index'
[0m
  [1m[35m (0.0ms)[0m  select sqlite_version(*)
  [1m[36m (0.2ms)[0m  [1mCREATE UNIQUE INDEX "tindex_ausers_on_reset_password_token" ON "ausers" ("reset_password_token")[0m
  [1m[35m (0.1ms)[0m  CREATE UNIQUE INDEX "tindex_ausers_on_email" ON "ausers" ("email")
  [1m[36m (0.1ms)[0m  [1mSELECT * FROM "users"[0m
  [1m[35m (0.2ms)[0m  DROP TABLE "users"
  [1m[36m (0.1ms)[0m  [1mCREATE TABLE "users" ("id" INTEGER PRIMARY KEY AUTOINCREMENT NOT NULL, "email" varchar DEFAULT '' NOT NULL, "encrypted_password" varchar DEFAULT '' NOT NULL, "reset_password_token" varchar, "reset_password_sent_at" datetime, "remember_created_at" datetime, "sign_in_count" integer DEFAULT 0 NOT NULL, "current_sign_in_at" datetime, "last_sign_in_at" datetime, "current_sign_in_ip" varchar, "last_sign_in_ip" varchar, "created_at" datetime NOT NULL, "updated_at" datetime NOT NULL, "First_Name" varchar NOT NULL, "Last_Name" varchar, "phone_number" varchar NOT NULL) [0m
  [1m[35m (0.1ms)[0m              SELECT sql
            FROM sqlite_master
            WHERE name='tindex_ausers_on_email' AND type='index'
            UNION ALL
            SELECT sql
            FROM sqlite_temp_master
            WHERE name='tindex_ausers_on_email' AND type='index'

  [1m[36m (0.1ms)[0m  [1m            SELECT sql
            FROM sqlite_master
            WHERE name='tindex_ausers_on_reset_password_token' AND type='index'
            UNION ALL
            SELECT sql
            FROM sqlite_temp_master
            WHERE name='tindex_ausers_on_reset_password_token' AND type='index'
[0m
  [1m[35m (0.2ms)[0m  CREATE UNIQUE INDEX "index_users_on_email" ON "users" ("email")
  [1m[36m (0.1ms)[0m  [1m            SELECT sql
            FROM sqlite_master
            WHERE name='index_users_on_email' AND type='index'
            UNION ALL
            SELECT sql
            FROM sqlite_temp_master
            WHERE name='index_users_on_email' AND type='index'
[0m
  [1m[35m (0.1ms)[0m  CREATE UNIQUE INDEX "index_users_on_reset_password_token" ON "users" ("reset_password_token")
  [1m[36m (0.1ms)[0m  [1mSELECT * FROM "ausers"[0m
  [1m[35m (0.1ms)[0m  DROP TABLE "ausers"
  [1m[36m (0.1ms)[0m  [1mCREATE TEMPORARY TABLE "ausers" ("id" INTEGER PRIMARY KEY AUTOINCREMENT NOT NULL, "email" varchar DEFAULT '' NOT NULL, "encrypted_password" varchar DEFAULT '' NOT NULL, "reset_password_token" varchar, "reset_password_sent_at" datetime, "remember_created_at" datetime, "sign_in_count" integer DEFAULT 0 NOT NULL, "current_sign_in_at" datetime, "last_sign_in_at" datetime, "current_sign_in_ip" varchar, "last_sign_in_ip" varchar, "created_at" datetime NOT NULL, "updated_at" datetime NOT NULL, "First_Name" varchar NOT NULL, "Last_Name" varchar, "phone_number" varchar NOT NULL) [0m
  [1m[35m (0.1ms)[0m              SELECT sql
            FROM sqlite_master
            WHERE name='index_users_on_reset_password_token' AND type='index'
            UNION ALL
            SELECT sql
            FROM sqlite_temp_master
            WHERE name='index_users_on_reset_password_token' AND type='index'

  [1m[36m (0.1ms)[0m  [1m            SELECT sql
            FROM sqlite_master
            WHERE name='index_users_on_email' AND type='index'
            UNION ALL
            SELECT sql
            FROM sqlite_temp_master
            WHERE name='index_users_on_email' AND type='index'
[0m
  [1m[35m (0.1ms)[0m  CREATE UNIQUE INDEX "tindex_ausers_on_reset_password_token" ON "ausers" ("reset_password_token")
  [1m[36m (0.2ms)[0m  [1mCREATE UNIQUE INDEX "tindex_ausers_on_email" ON "ausers" ("email")[0m
  [1m[35m (0.1ms)[0m  SELECT * FROM "users"
  [1m[36m (0.2ms)[0m  [1mDROP TABLE "users"[0m
  [1m[35m (0.2ms)[0m  CREATE TABLE "users" ("id" INTEGER PRIMARY KEY AUTOINCREMENT NOT NULL, "email" varchar DEFAULT '' NOT NULL, "encrypted_password" varchar DEFAULT '' NOT NULL, "reset_password_token" varchar, "reset_password_sent_at" datetime, "remember_created_at" datetime, "sign_in_count" integer DEFAULT 0 NOT NULL, "current_sign_in_at" datetime, "last_sign_in_at" datetime, "current_sign_in_ip" varchar, "last_sign_in_ip" varchar, "created_at" datetime NOT NULL, "updated_at" datetime NOT NULL, "First_Name" varchar NOT NULL, "Last_Name" varchar NOT NULL, "phone_number" varchar NOT NULL) 
  [1m[36m (0.1ms)[0m  [1m            SELECT sql
            FROM sqlite_master
            WHERE name='tindex_ausers_on_email' AND type='index'
            UNION ALL
            SELECT sql
            FROM sqlite_temp_master
            WHERE name='tindex_ausers_on_email' AND type='index'
[0m
  [1m[35m (0.1ms)[0m              SELECT sql
            FROM sqlite_master
            WHERE name='tindex_ausers_on_reset_password_token' AND type='index'
            UNION ALL
            SELECT sql
            FROM sqlite_temp_master
            WHERE name='tindex_ausers_on_reset_password_token' AND type='index'

  [1m[36m (0.4ms)[0m  [1mCREATE UNIQUE INDEX "index_users_on_email" ON "users" ("email")[0m
  [1m[35m (0.1ms)[0m              SELECT sql
            FROM sqlite_master
            WHERE name='index_users_on_email' AND type='index'
            UNION ALL
            SELECT sql
            FROM sqlite_temp_master
            WHERE name='index_users_on_email' AND type='index'

  [1m[36m (0.2ms)[0m  [1mCREATE UNIQUE INDEX "index_users_on_reset_password_token" ON "users" ("reset_password_token")[0m
  [1m[35m (0.1ms)[0m  SELECT * FROM "ausers"
  [1m[36m (0.1ms)[0m  [1mDROP TABLE "ausers"[0m
  [1m[35mSQL (0.1ms)[0m  INSERT INTO "schema_migrations" ("version") VALUES (?)  [["version", "20171013225846"]]
  [1m[36m (150.9ms)[0m  [1mcommit transaction[0m
  [1m[35mActiveRecord::SchemaMigration Load (0.1ms)[0m  SELECT "schema_migrations".* FROM "schema_migrations"
  [1m[36m (0.2ms)[0m  [1m            SELECT sql
            FROM sqlite_master
            WHERE name='index_users_on_reset_password_token' AND type='index'
            UNION ALL
            SELECT sql
            FROM sqlite_temp_master
            WHERE name='index_users_on_reset_password_token' AND type='index'
[0m
  [1m[35m (0.1ms)[0m              SELECT sql
            FROM sqlite_master
            WHERE name='index_users_on_email' AND type='index'
            UNION ALL
            SELECT sql
            FROM sqlite_temp_master
            WHERE name='index_users_on_email' AND type='index'



Started GET "/users/sign_up" for 127.0.0.1 at 2017-10-14 04:31:12 +0530
  [1m[36mActiveRecord::SchemaMigration Load (0.1ms)[0m  [1mSELECT "schema_migrations".* FROM "schema_migrations"[0m
Processing by Devise::RegistrationsController#new as HTML
  Rendered devise/shared/_links.html.erb (0.9ms)
  Rendered devise/registrations/new.html.erb within layouts/application (29.3ms)
Completed 200 OK in 266ms (Views: 243.1ms | ActiveRecord: 0.4ms)


Started POST "/users" for 127.0.0.1 at 2017-10-14 04:31:38 +0530
Processing by Devise::RegistrationsController#create as HTML
  Parameters: {"utf8"=>"✓", "authenticity_token"=>"Y0MzsFMBX1dnY/nDQugSh1sWaG0vZJItuVJbsl6JTlUVBWuQRpcIZLEx7VZq9gDebbop8zroHy6e+4YUgHNYyQ==", "user"=>{"email"=>"a@b", "First_Name"=>"Nikhil", "Last_Name"=>"Jain", "phone_number"=>"851-003-4512", "password"=>"[FILTERED]", "password_confirmation"=>"[FILTERED]"}, "commit"=>"Sign up"}
Unpermitted parameters: First_Name, Last_Name, phone_number
  [1m[35m (0.1ms)[0m  begin transaction
  [1m[36mUser Exists (0.2ms)[0m  [1mSELECT  1 AS one FROM "users" WHERE "users"."email" = 'a@b' LIMIT 1[0m
  [1m[35mUser Exists (0.2ms)[0m  SELECT  1 AS one FROM "users" WHERE "users"."phone_number" IS NULL LIMIT 1
  [1m[36m (0.1ms)[0m  [1mrollback transaction[0m
  Rendered devise/shared/_links.html.erb (0.2ms)
  Rendered devise/registrations/new.html.erb within layouts/application (9.3ms)
Completed 200 OK in 307ms (Views: 23.8ms | ActiveRecord: 0.6ms)


Started GET "/users" for 127.0.0.1 at 2017-10-14 04:32:41 +0530

ActionController::RoutingError (No route matches [GET] "/users"):
  actionpack (4.2.6) lib/action_dispatch/middleware/debug_exceptions.rb:21:in `call'
  web-console (2.3.0) lib/web_console/middleware.rb:28:in `block in call'
  web-console (2.3.0) lib/web_console/middleware.rb:18:in `catch'
  web-console (2.3.0) lib/web_console/middleware.rb:18:in `call'
  actionpack (4.2.6) lib/action_dispatch/middleware/show_exceptions.rb:30:in `call'
  railties (4.2.6) lib/rails/rack/logger.rb:38:in `call_app'
  railties (4.2.6) lib/rails/rack/logger.rb:20:in `block in call'
  activesupport (4.2.6) lib/active_support/tagged_logging.rb:68:in `block in tagged'
  activesupport (4.2.6) lib/active_support/tagged_logging.rb:26:in `tagged'
  activesupport (4.2.6) lib/active_support/tagged_logging.rb:68:in `tagged'
  railties (4.2.6) lib/rails/rack/logger.rb:20:in `call'
  actionpack (4.2.6) lib/action_dispatch/middleware/request_id.rb:21:in `call'
  rack (1.6.8) lib/rack/methodoverride.rb:22:in `call'
  rack (1.6.8) lib/rack/runtime.rb:18:in `call'
  activesupport (4.2.6) lib/active_support/cache/strategy/local_cache_middleware.rb:28:in `call'
  rack (1.6.8) lib/rack/lock.rb:17:in `call'
  actionpack (4.2.6) lib/action_dispatch/middleware/static.rb:120:in `call'
  rack (1.6.8) lib/rack/sendfile.rb:113:in `call'
  railties (4.2.6) lib/rails/engine.rb:518:in `call'
  railties (4.2.6) lib/rails/application.rb:165:in `call'
  rack (1.6.8) lib/rack/lock.rb:17:in `call'
  rack (1.6.8) lib/rack/content_length.rb:15:in `call'
  rack (1.6.8) lib/rack/handler/webrick.rb:88:in `service'
  /home/nikhil/.rbenv/versions/2.3.3/lib/ruby/2.3.0/webrick/httpserver.rb:140:in `service'
  /home/nikhil/.rbenv/versions/2.3.3/lib/ruby/2.3.0/webrick/httpserver.rb:96:in `run'
  /home/nikhil/.rbenv/versions/2.3.3/lib/ruby/2.3.0/webrick/server.rb:296:in `block in start_thread'


  Rendered /home/nikhil/.rbenv/versions/2.3.3/lib/ruby/gems/2.3.0/gems/actionpack-4.2.6/lib/action_dispatch/middleware/templates/rescues/_trace.html.erb (2.9ms)
  Rendered /home/nikhil/.rbenv/versions/2.3.3/lib/ruby/gems/2.3.0/gems/actionpack-4.2.6/lib/action_dispatch/middleware/templates/routes/_route.html.erb (2.4ms)
  Rendered /home/nikhil/.rbenv/versions/2.3.3/lib/ruby/gems/2.3.0/gems/actionpack-4.2.6/lib/action_dispatch/middleware/templates/routes/_table.html.erb (7.2ms)
  Rendered /home/nikhil/.rbenv/versions/2.3.3/lib/ruby/gems/2.3.0/gems/actionpack-4.2.6/lib/action_dispatch/middleware/templates/rescues/_request_and_response.html.erb (2.1ms)
  Rendered /home/nikhil/.rbenv/versions/2.3.3/lib/ruby/gems/2.3.0/gems/actionpack-4.2.6/lib/action_dispatch/middleware/templates/rescues/routing_error.html.erb within rescues/layout (45.4ms)
  Rendered /home/nikhil/.rbenv/versions/2.3.3/lib/ruby/gems/2.3.0/gems/web-console-2.3.0/lib/web_console/templates/_markup.html.erb (0.8ms)
  Rendered /home/nikhil/.rbenv/versions/2.3.3/lib/ruby/gems/2.3.0/gems/web-console-2.3.0/lib/web_console/templates/_inner_console_markup.html.erb within layouts/inlined_string (0.5ms)
  Rendered /home/nikhil/.rbenv/versions/2.3.3/lib/ruby/gems/2.3.0/gems/web-console-2.3.0/lib/web_console/templates/_prompt_box_markup.html.erb within layouts/inlined_string (0.4ms)
  Rendered /home/nikhil/.rbenv/versions/2.3.3/lib/ruby/gems/2.3.0/gems/web-console-2.3.0/lib/web_console/templates/style.css.erb within layouts/inlined_string (0.3ms)
  Rendered /home/nikhil/.rbenv/versions/2.3.3/lib/ruby/gems/2.3.0/gems/web-console-2.3.0/lib/web_console/templates/console.js.erb within layouts/javascript (18.3ms)
  Rendered /home/nikhil/.rbenv/versions/2.3.3/lib/ruby/gems/2.3.0/gems/web-console-2.3.0/lib/web_console/templates/main.js.erb within layouts/javascript (0.6ms)
  Rendered /home/nikhil/.rbenv/versions/2.3.3/lib/ruby/gems/2.3.0/gems/web-console-2.3.0/lib/web_console/templates/error_page.js.erb within layouts/javascript (0.4ms)
  Rendered /home/nikhil/.rbenv/versions/2.3.3/lib/ruby/gems/2.3.0/gems/web-console-2.3.0/lib/web_console/templates/index.html.erb (44.3ms)


Started POST "/users" for 127.0.0.1 at 2017-10-14 04:32:58 +0530
Processing by Devise::RegistrationsController#create as HTML
  Parameters: {"utf8"=>"✓", "authenticity_token"=>"Y0MzsFMBX1dnY/nDQugSh1sWaG0vZJItuVJbsl6JTlUVBWuQRpcIZLEx7VZq9gDebbop8zroHy6e+4YUgHNYyQ==", "user"=>{"email"=>"a@b", "First_Name"=>"Nikhil", "Last_Name"=>"Jain", "phone_number"=>"851-003-4512", "password"=>"[FILTERED]", "password_confirmation"=>"[FILTERED]"}, "commit"=>"Sign up"}
Unpermitted parameters: First_Name, Last_Name, phone_number
  [1m[35m (0.1ms)[0m  begin transaction
  [1m[36mUser Exists (0.2ms)[0m  [1mSELECT  1 AS one FROM "users" WHERE "users"."email" = 'a@b' LIMIT 1[0m
  [1m[35mUser Exists (0.5ms)[0m  SELECT  1 AS one FROM "users" WHERE "users"."phone_number" IS NULL LIMIT 1
  [1m[36m (0.1ms)[0m  [1mrollback transaction[0m
  Rendered devise/shared/_links.html.erb (0.2ms)
  Rendered devise/registrations/new.html.erb within layouts/application (5.4ms)
Completed 200 OK in 189ms (Views: 19.5ms | ActiveRecord: 1.8ms)


Started GET "/" for 127.0.0.1 at 2017-10-14 04:34:01 +0530
Processing by Rails::WelcomeController#index as HTML
  Rendered /home/nikhil/.rbenv/versions/2.3.3/lib/ruby/gems/2.3.0/gems/railties-4.2.6/lib/rails/templates/rails/welcome/index.html.erb (1.0ms)
Completed 200 OK in 5ms (Views: 4.1ms | ActiveRecord: 0.0ms)


Started GET "/users/sign_in" for 127.0.0.1 at 2017-10-14 04:34:06 +0530
Processing by Devise::SessionsController#new as HTML
  Rendered devise/shared/_links.html.erb (0.5ms)
  Rendered devise/sessions/new.html.erb within layouts/application (5.7ms)
Completed 200 OK in 31ms (Views: 19.3ms | ActiveRecord: 0.8ms)


Started GET "/users/sign_up" for 127.0.0.1 at 2017-10-14 04:34:09 +0530
Processing by Devise::RegistrationsController#new as HTML
  Rendered devise/shared/_links.html.erb (0.3ms)
  Rendered devise/registrations/new.html.erb within layouts/application (3.3ms)
Completed 200 OK in 18ms (Views: 16.3ms | ActiveRecord: 0.0ms)


Started POST "/users" for 127.0.0.1 at 2017-10-14 04:34:34 +0530
Processing by Devise::RegistrationsController#create as HTML
  Parameters: {"utf8"=>"✓", "authenticity_token"=>"GDYgqs98///TRW0rkQmE6uKd5oIyR4i9I0B8tLYXmDhucHiK2uqozAUXeb65F5az1DGnHCfLBb4E6aESaO2OpA==", "user"=>{"email"=>"a@b", "First_Name"=>"Dinesh", "Last_Name"=>"jain", "phone_number"=>"999-999-9999", "password"=>"[FILTERED]", "password_confirmation"=>"[FILTERED]"}, "commit"=>"Sign up"}
Unpermitted parameters: First_Name, Last_Name, phone_number
  [1m[35m (0.1ms)[0m  begin transaction
  [1m[36mUser Exists (0.2ms)[0m  [1mSELECT  1 AS one FROM "users" WHERE "users"."email" = 'a@b' LIMIT 1[0m
  [1m[35mUser Exists (0.2ms)[0m  SELECT  1 AS one FROM "users" WHERE "users"."phone_number" IS NULL LIMIT 1
  [1m[36m (0.1ms)[0m  [1mrollback transaction[0m
  Rendered devise/shared/_links.html.erb (0.2ms)
  Rendered devise/registrations/new.html.erb within layouts/application (4.1ms)
Completed 200 OK in 172ms (Views: 13.8ms | ActiveRecord: 0.5ms)


Started GET "/" for 127.0.0.1 at 2017-10-14 04:35:34 +0530
  [1m[36mActiveRecord::SchemaMigration Load (0.1ms)[0m  [1mSELECT "schema_migrations".* FROM "schema_migrations"[0m
Processing by Rails::WelcomeController#index as HTML
  Rendered /home/nikhil/.rbenv/versions/2.3.3/lib/ruby/gems/2.3.0/gems/railties-4.2.6/lib/rails/templates/rails/welcome/index.html.erb (1.4ms)
Completed 200 OK in 17ms (Views: 9.3ms | ActiveRecord: 0.0ms)


Started GET "/users/sign_in" for 127.0.0.1 at 2017-10-14 04:35:39 +0530
Processing by Devise::SessionsController#new as HTML
  Rendered devise/shared/_links.html.erb (1.2ms)
  Rendered devise/sessions/new.html.erb within layouts/application (27.4ms)
Completed 200 OK in 253ms (Views: 234.5ms | ActiveRecord: 0.5ms)


Started GET "/users/sign_up" for 127.0.0.1 at 2017-10-14 04:35:41 +0530
Processing by Devise::RegistrationsController#new as HTML
  Rendered devise/shared/_links.html.erb (0.4ms)
  Rendered devise/registrations/new.html.erb within layouts/application (4.0ms)
Completed 200 OK in 21ms (Views: 19.0ms | ActiveRecord: 0.0ms)


Started POST "/users" for 127.0.0.1 at 2017-10-14 04:36:02 +0530
Processing by Devise::RegistrationsController#create as HTML
  Parameters: {"utf8"=>"✓", "authenticity_token"=>"x+f+blf5bBbDvk4o9Dm4yW3Ff3Wo8p2PDQO0IU4AXa+xoaZOQm87JRXsWr3cJ6qQW2k+671+EIwqqmmHkPpLMw==", "user"=>{"email"=>"a@b", "First_Name"=>"Dinesh", "Last_Name"=>"jain", "phone_number"=>"999-999-9999", "password"=>"[FILTERED]", "password_confirmation"=>"[FILTERED]"}, "commit"=>"Sign up"}
  [1m[35m (0.1ms)[0m  begin transaction
  [1m[36mUser Exists (0.6ms)[0m  [1mSELECT  1 AS one FROM "users" WHERE "users"."email" = 'a@b' LIMIT 1[0m
  [1m[35mUser Exists (0.1ms)[0m  SELECT  1 AS one FROM "users" WHERE "users"."phone_number" = '999-999-9999' LIMIT 1
  [1m[36mSQL (0.8ms)[0m  [1mINSERT INTO "users" ("email", "encrypted_password", "First_Name", "Last_Name", "phone_number", "created_at", "updated_at") VALUES (?, ?, ?, ?, ?, ?, ?)[0m  [["email", "a@b"], ["encrypted_password", "$2a$11$Av8Z7H9O5TQVBDbZWWDKR.t72e3BSXOBwDn4OI5DA5P7vbrtFG54C"], ["First_Name", "Dinesh"], ["Last_Name", "jain"], ["phone_number", "999-999-9999"], ["created_at", "2017-10-13 23:06:02.235260"], ["updated_at", "2017-10-13 23:06:02.235260"]]
  [1m[35m (58.0ms)[0m  commit transaction
  [1m[36m (0.1ms)[0m  [1mbegin transaction[0m
  [1m[35mSQL (0.3ms)[0m  UPDATE "users" SET "last_sign_in_at" = ?, "current_sign_in_at" = ?, "last_sign_in_ip" = ?, "current_sign_in_ip" = ?, "sign_in_count" = ?, "updated_at" = ? WHERE "users"."id" = ?  [["last_sign_in_at", "2017-10-13 23:06:02.304639"], ["current_sign_in_at", "2017-10-13 23:06:02.304639"], ["last_sign_in_ip", "127.0.0.1"], ["current_sign_in_ip", "127.0.0.1"], ["sign_in_count", 1], ["updated_at", "2017-10-13 23:06:02.306151"], ["id", 1]]
  [1m[36m (70.8ms)[0m  [1mcommit transaction[0m
Redirected to http://localhost:3000/
Completed 302 Found in 359ms (ActiveRecord: 130.8ms)


Started GET "/" for 127.0.0.1 at 2017-10-14 04:36:02 +0530
Processing by Rails::WelcomeController#index as HTML
  Rendered /home/nikhil/.rbenv/versions/2.3.3/lib/ruby/gems/2.3.0/gems/railties-4.2.6/lib/rails/templates/rails/welcome/index.html.erb (0.0ms)
Completed 200 OK in 1ms (Views: 1.1ms | ActiveRecord: 0.0ms)
